#
# An unexpected error has been detected by Java Runtime Environment:
#
#  EXCEPTION_ACCESS_VIOLATION (0xc0000005) at pc=0x79bd070e, pid=5420, tid=6088
#
# Java VM: Java HotSpot(TM) Client VM (11.2-b01 mixed mode windows-x86)
# Problematic frame:
# V  [jvm.dll+0xf070e]
#
# If you would like to submit a bug report, please visit:
#   http://java.sun.com/webapps/bugreport/crash.jsp
#

---------------  T H R E A D  ---------------

Current thread (0x1a2a3c00):  JavaThread "AWT-EventQueue-0" [_thread_in_vm, id=6088, stack(0x1b010000,0x1b090000)]

siginfo: ExceptionCode=0xc0000005, reading address 0x00000001

Registers:
EAX=0x00000001, EBX=0x0f2f71a0, ECX=0x0911c310, EDX=0x037ec518
ESP=0x1b08f5c8, EBP=0x00000000, ESI=0x0911c310, EDI=0x1a2465dc
EIP=0x79bd070e, EFLAGS=0x00010202

Top of Stack: (sp=0x1b08f5c8)
0x1b08f5c8:   1a2465dc 037ec518 1b08f638 1a2a3c00
0x1b08f5d8:   79bd07d7 0f2f71a0 0f2f71a0 1a2469b4
0x1b08f5e8:   79baea3d 1a2465dc 1a2a3c00 0f2f71a0
0x1b08f5f8:   1b08f638 00000001 1a2a3c00 00000000
0x1b08f608:   1b08f62c 799af7c0 7996208d 1a2a3d14
0x1b08f618:   1b08f648 1a2a3c00 0f2f71a0 00000001
0x1b08f628:   1b08f61c 1b08fcb8 799ae490 00000000
0x1b08f638:   1b08f658 0a4c5502 1a2a3d14 1b08f648 

Instructions: (pc=0x79bd070e)
0x79bd06fe:   00 00 5e 5d 89 18 5b c2 04 00 8b 86 90 00 00 00
0x79bd070e:   8b 08 5f 89 8e 90 00 00 00 5e 5d 89 18 5b c2 04 


Stack: [0x1b010000,0x1b090000],  sp=0x1b08f5c8,  free space=509k
Native frames: (J=compiled Java code, j=interpreted, Vv=VM code, C=native code)
V  [jvm.dll+0xf070e]

[error occurred during error reporting (printing native stack), id 0xc0000005]

Java frames: (J=compiled Java code, j=interpreted, Vv=VM code)
J  sun.awt.windows.WComponentPeer.removeNativeDropTarget()V
J  sun.awt.windows.WComponentPeer.removeDropTarget(Ljava/awt/dnd/DropTarget;)V
J  java.awt.Component.setDropTarget(Ljava/awt/dnd/DropTarget;)V
J  javax.swing.SwingUtilities.installSwingDropTargetAsNecessary(Ljava/awt/Component;Ljavax/swing/TransferHandler;)V
J  javax.swing.plaf.basic.BasicTextUI.uninstallDefaults()V
J  javax.swing.plaf.basic.BasicTextUI.uninstallUI(Ljavax/swing/JComponent;)V
J  javax.swing.JComponent.setUI(Ljavax/swing/plaf/ComponentUI;)V
J  javax.swing.text.JTextComponent.setUI(Ljavax/swing/plaf/TextUI;)V
J  com.mathworks.hg.peer.EditTextPeer$hgTextField.setText(Ljava/lang/String;)V
J  com.mathworks.hg.peer.EditTextPeer.doSetString([Ljava/lang/String;)V
J  com.mathworks.hg.peer.AbstractUicontrolPeer$11.run()V
J  com.mathworks.hg.util.HGPeerQueue$HGPeerRunnablesRunner.runit(Z[I)V
J  com.mathworks.hg.util.HGPeerQueue$HGPeerRunnablesRunner.run()V
J  java.awt.event.InvocationEvent.dispatch()V
J  java.awt.EventQueue.dispatchEvent(Ljava/awt/AWTEvent;)V
J  java.awt.EventDispatchThread.pumpOneEventForFilters(I)Z
J  java.awt.EventDispatchThread.pumpEventsForFilter(ILjava/awt/Conditional;Ljava/awt/EventFilter;)V
j  java.awt.EventDispatchThread.pumpEventsForHierarchy(ILjava/awt/Conditional;Ljava/awt/Component;)V+11
j  java.awt.EventDispatchThread.pumpEvents(ILjava/awt/Conditional;)V+4
j  java.awt.EventDispatchThread.pumpEvents(Ljava/awt/Conditional;)V+3
j  java.awt.EventDispatchThread.run()V+9
v  ~StubRoutines::call_stub

---------------  P R O C E S S  ---------------

Java Threads: ( => current thread )
  0x2495b000 JavaThread "Foxtrot Multi Worker Thread Runner #1" daemon [_thread_blocked, id=3348, stack(0x25e20000,0x25ea0000)]
  0x2495c400 JavaThread "FelixPackageAdmin" daemon [_thread_blocked, id=3924, stack(0x25ba0000,0x25c20000)]
  0x2495bc00 JavaThread "FelixStartLevel" daemon [_thread_blocked, id=5624, stack(0x25b20000,0x25ba0000)]
  0x2495b800 JavaThread "FelixDispatchQueue" daemon [_thread_blocked, id=2796, stack(0x25aa0000,0x25b20000)]
  0x1a6bd000 JavaThread "Timer-2" [_thread_blocked, id=856, stack(0x24510000,0x24590000)]
  0x1a298800 JavaThread "Timer-1" daemon [_thread_blocked, id=4012, stack(0x1b1d0000,0x1b250000)]
  0x1a3ca000 JavaThread "TimerQueue" daemon [_thread_blocked, id=4972, stack(0x1b0b0000,0x1b130000)]
=>0x1a2a3c00 JavaThread "AWT-EventQueue-0" [_thread_in_vm, id=6088, stack(0x1b010000,0x1b090000)]
  0x19b6b400 JavaThread "AWT-Shutdown" [_thread_blocked, id=4476, stack(0x1af90000,0x1b010000)]
  0x1a24bc00 JavaThread "AWT-Windows" daemon [_thread_in_native, id=4556, stack(0x1aa40000,0x1aac0000)]
  0x1a243000 JavaThread "Java2D Disposer" daemon [_thread_blocked, id=4780, stack(0x1a940000,0x1a9c0000)]
  0x19abe000 JavaThread "Timer-0" [_thread_blocked, id=5960, stack(0x19c00000,0x19c80000)]
  0x19a6d800 JavaThread "JMI Unnamed Thread" [_thread_in_native, id=2580, stack(0x048b0000,0x050b0000)]
  0x0916e800 JavaThread "Low Memory Detector" daemon [_thread_blocked, id=2060, stack(0x19180000,0x19200000)]
  0x0913ec00 JavaThread "CompilerThread0" daemon [_thread_blocked, id=1540, stack(0x18980000,0x19180000)]
  0x0913d800 JavaThread "Attach Listener" daemon [_thread_blocked, id=4980, stack(0x18900000,0x18980000)]
  0x09123800 JavaThread "Finalizer" daemon [_thread_blocked, id=4752, stack(0x18880000,0x18900000)]
  0x09122000 JavaThread "Reference Handler" daemon [_thread_blocked, id=5368, stack(0x18800000,0x18880000)]
  0x0909e800 JavaThread "main" [_thread_in_native, id=4792, stack(0x00430000,0x00c30000)]

Other Threads:
  0x0911d400 VMThread [stack: 0x18000000,0x18800000] [id=2944]
  0x09179000 WatcherThread [stack: 0x19200000,0x19a00000] [id=5948]

VM state:not at safepoint (normal execution)

VM Mutex/Monitor currently owned by a thread:  ([mutex/lock_event])
[0x037ec518] UNKNOWN - owner thread: 0x1a2a3c00

Heap
 def new generation   total 14784K, used 1741K [0x0c000000, 0x0d000000, 0x0e000000)
  eden space 13184K,   8% used [0x0c000000, 0x0c112568, 0x0cce0000)
  from space 1600K,  40% used [0x0cce0000, 0x0cd810a8, 0x0ce70000)
  to   space 1600K,   0% used [0x0ce70000, 0x0ce70000, 0x0d000000)
 tenured generation   total 49152K, used 38183K [0x0e000000, 0x11000000, 0x14000000)
   the space 49152K,  77% used [0x0e000000, 0x10549fb0, 0x1054a000, 0x11000000)
 compacting perm gen  total 32768K, used 27165K [0x14000000, 0x16000000, 0x18000000)
   the space 32768K,  82% used [0x14000000, 0x15a876b0, 0x15a87800, 0x16000000)
No shared spaces configured.

Dynamic libraries:
0x00400000 - 0x00425000 	C:\Program Files\MATLAB\R2010a\bin\win32\MATLAB.exe
0x77250000 - 0x7738c000 	C:\Windows\SYSTEM32\ntdll.dll
0x75a10000 - 0x75ae4000 	C:\Windows\system32\kernel32.dll
0x75590000 - 0x755db000 	C:\Windows\system32\KERNELBASE.dll
0x7b940000 - 0x7b9ec000 	C:\Program Files\MATLAB\R2010a\bin\win32\libut.dll
0x76080000 - 0x760ab000 	C:\Windows\system32\imagehlp.dll
0x771a0000 - 0x7724c000 	C:\Windows\system32\msvcrt.dll
0x757d0000 - 0x75870000 	C:\Windows\system32\ADVAPI32.dll
0x75d10000 - 0x75d29000 	C:\Windows\SYSTEM32\sechost.dll
0x75d40000 - 0x75de2000 	C:\Windows\system32\RPCRT4.dll
0x756c0000 - 0x756c5000 	C:\Windows\system32\PSAPI.DLL
0x7bfa0000 - 0x7bfbf000 	C:\Program Files\MATLAB\R2010a\bin\win32\LIBEXPAT.dll
0x00240000 - 0x002db000 	C:\Windows\WinSxS\x86_microsoft.vc80.crt_1fc8b3b9a1e18e3b_8.0.50727.6195_none_d09154e044272b9a\MSVCR80.dll
0x7bd50000 - 0x7be38000 	C:\Program Files\MATLAB\R2010a\bin\win32\icuuc40.dll
0x7b4b0000 - 0x7b4b4000 	C:\Program Files\MATLAB\R2010a\bin\win32\icudt40.dll
0x7b4c0000 - 0x7b4cc000 	C:\Program Files\MATLAB\R2010a\bin\win32\icuio40.dll
0x7b670000 - 0x7b768000 	C:\Program Files\MATLAB\R2010a\bin\win32\icuin40.dll
0x002e0000 - 0x00367000 	C:\Windows\WinSxS\x86_microsoft.vc80.crt_1fc8b3b9a1e18e3b_8.0.50727.6195_none_d09154e044272b9a\MSVCP80.dll
0x760b0000 - 0x76179000 	C:\Windows\system32\USER32.dll
0x75fa0000 - 0x75fee000 	C:\Windows\system32\GDI32.dll
0x76180000 - 0x7618a000 	C:\Windows\system32\LPK.dll
0x756d0000 - 0x7576d000 	C:\Windows\system32\USP10.dll
0x78770000 - 0x787ee000 	C:\Program Files\MATLAB\R2010a\bin\win32\libmwfl.dll
0x7d160000 - 0x7d16e000 	C:\Program Files\MATLAB\R2010a\bin\win32\boost_date_time-vc80-mt-1_36.dll
0x7d330000 - 0x7d346000 	C:\Program Files\MATLAB\R2010a\bin\win32\boost_filesystem-vc80-mt-1_36.dll
0x7c500000 - 0x7c507000 	C:\Program Files\MATLAB\R2010a\bin\win32\boost_system-vc80-mt-1_36.dll
0x7d050000 - 0x7d060000 	C:\Program Files\MATLAB\R2010a\bin\win32\boost_signals-vc80-mt-1_36.dll
0x7b4a0000 - 0x7b4ac000 	C:\Program Files\MATLAB\R2010a\bin\win32\boost_thread-vc80-mt-1_36.dll
0x7ba50000 - 0x7bc63000 	C:\Program Files\MATLAB\R2010a\bin\win32\libmwservices.dll
0x7b9f0000 - 0x7ba4d000 	C:\Program Files\MATLAB\R2010a\bin\win32\libmx.dll
0x78c90000 - 0x78ca3000 	C:\Program Files\MATLAB\R2010a\bin\win32\zlib1.dll
0x7bc70000 - 0x7bd47000 	C:\Program Files\MATLAB\R2010a\bin\win32\libmwmathutil.dll
0x79e30000 - 0x79e6a000 	C:\Program Files\MATLAB\R2010a\bin\win32\mpath.dll
0x7c0a0000 - 0x7c166000 	C:\Program Files\MATLAB\R2010a\bin\win32\mlutil.dll
0x7cfb0000 - 0x7d00e000 	C:\Program Files\MATLAB\R2010a\bin\win32\xmlcore.dll
0x79720000 - 0x798e2000 	C:\Program Files\MATLAB\R2010a\bin\win32\xerces-c_2_7.dll
0x75cb0000 - 0x75ce5000 	C:\Windows\system32\WS2_32.dll
0x75d30000 - 0x75d36000 	C:\Windows\system32\NSI.dll
0x76390000 - 0x76fda000 	C:\Windows\system32\SHELL32.dll
0x77140000 - 0x77197000 	C:\Windows\system32\SHLWAPI.dll
0x78720000 - 0x7874e000 	C:\Program Files\MATLAB\R2010a\bin\win32\tbb.dll
0x707c0000 - 0x70844000 	C:\Windows\WinSxS\x86_microsoft.windows.common-controls_6595b64144ccf1df_5.82.7601.18201_none_ec80f00e8593ece5\COMCTL32.dll
0x75df0000 - 0x75e6b000 	C:\Windows\system32\comdlg32.dll
0x73840000 - 0x73851000 	C:\Windows\system32\NETAPI32.dll
0x73830000 - 0x73839000 	C:\Windows\system32\netutils.dll
0x750e0000 - 0x750f9000 	C:\Windows\system32\srvcli.dll
0x73820000 - 0x7382f000 	C:\Windows\system32\wkscli.dll
0x7a0e0000 - 0x7a144000 	C:\Program Files\MATLAB\R2010a\bin\win32\mcr.dll
0x7e890000 - 0x7e8a9000 	C:\Program Files\MATLAB\R2010a\bin\win32\libmwi18n.dll
0x7b4d0000 - 0x7b539000 	C:\Program Files\MATLAB\R2010a\bin\win32\iqm.dll
0x7a6c0000 - 0x7ab7b000 	C:\Program Files\MATLAB\R2010a\bin\win32\m_interpreter.dll
0x7b550000 - 0x7b561000 	C:\Program Files\MATLAB\R2010a\bin\win32\libmex.dll
0x79fb0000 - 0x7a017000 	C:\Program Files\MATLAB\R2010a\bin\win32\m_dispatcher.dll
0x7d280000 - 0x7d31d000 	C:\Program Files\MATLAB\R2010a\bin\win32\boost_regex-vc80-mt-1_36.dll
0x79ec0000 - 0x79f1b000 	C:\Program Files\MATLAB\R2010a\bin\win32\profiler.dll
0x7b5d0000 - 0x7b5f2000 	C:\Program Files\MATLAB\R2010a\bin\win32\libmwmathrng.dll
0x78c00000 - 0x78c12000 	C:\Program Files\MATLAB\R2010a\bin\win32\m_pcodeio.dll
0x79df0000 - 0x79e27000 	C:\Program Files\MATLAB\R2010a\bin\win32\m_ir.dll
0x7a1d0000 - 0x7a6bd000 	C:\Program Files\MATLAB\R2010a\bin\win32\m_parser.dll
0x7b540000 - 0x7b54e000 	C:\Program Files\MATLAB\R2010a\bin\win32\ir_xfmr.dll
0x787f0000 - 0x7894e000 	C:\Program Files\MATLAB\R2010a\bin\win32\mcos.dll
0x7b610000 - 0x7b61a000 	C:\Program Files\MATLAB\R2010a\bin\win32\mtok.dll
0x78be0000 - 0x78bfa000 	C:\Program Files\MATLAB\R2010a\bin\win32\m_pcodegen.dll
0x7e810000 - 0x7e844000 	C:\Program Files\MATLAB\R2010a\bin\win32\libmwspmatrix.dll
0x7e850000 - 0x7e871000 	C:\Program Files\MATLAB\R2010a\bin\win32\libmwbridge.dll
0x7b180000 - 0x7b209000 	C:\Program Files\MATLAB\R2010a\bin\win32\udd.dll
0x7be40000 - 0x7bf3f000 	C:\Program Files\MATLAB\R2010a\bin\win32\libmwgui.dll
0x78cf0000 - 0x7914f000 	C:\Program Files\MATLAB\R2010a\bin\win32\hg.dll
0x78b60000 - 0x78b92000 	C:\Program Files\MATLAB\R2010a\bin\win32\libmat.dll
0x7b770000 - 0x7b939000 	C:\Program Files\MATLAB\R2010a\bin\win32\libhdf5.dll
0x79d40000 - 0x79d96000 	C:\Program Files\MATLAB\R2010a\bin\win32\jmi.dll
0x79a40000 - 0x79a70000 	C:\Program Files\MATLAB\R2010a\bin\win32\libmwhardcopy.dll
0x79da0000 - 0x79de3000 	C:\Program Files\MATLAB\R2010a\bin\win32\libuij.dll
0x78630000 - 0x7871f000 	C:\Program Files\MATLAB\R2010a\bin\win32\hgdatatypes.dll
0x785c0000 - 0x78628000 	C:\Program Files\MATLAB\R2010a\bin\win32\hgutils.dll
0x78ba0000 - 0x78bd4000 	C:\Program Files\MATLAB\R2010a\bin\win32\libmwlapack.dll
0x7b580000 - 0x7b58e000 	C:\Program Files\MATLAB\R2010a\bin\win32\libmwbinder.dll
0x7b210000 - 0x7b492000 	C:\Program Files\MATLAB\R2010a\bin\win32\uiw.dll
0x7b660000 - 0x7b669000 	C:\Program Files\MATLAB\R2010a\bin\win32\uinone.dll
0x00e50000 - 0x00f5f000 	C:\Windows\WinSxS\x86_microsoft.vc80.mfc_1fc8b3b9a1e18e3b_8.0.50727.6195_none_cbf5e994470a1a8f\MFC80.DLL
0x747d0000 - 0x74821000 	C:\Windows\system32\WINSPOOL.DRV
0x76fe0000 - 0x7713c000 	C:\Windows\system32\ole32.dll
0x75ff0000 - 0x7607f000 	C:\Windows\system32\OLEAUT32.dll
0x7a150000 - 0x7a1cc000 	C:\Program Files\MATLAB\R2010a\bin\win32\udd_mi.dll
0x78c20000 - 0x78c37000 	C:\Program Files\MATLAB\R2010a\bin\win32\mwoles05.DLL
0x79e70000 - 0x79eb9000 	C:\Program Files\MATLAB\R2010a\bin\win32\comcli.dll
0x71c00000 - 0x71c1b000 	C:\Windows\WinSxS\x86_microsoft.vc80.atl_1fc8b3b9a1e18e3b_8.0.50727.6195_none_d1cb102c435421de\ATL80.DLL
0x7b600000 - 0x7b60b000 	C:\Program Files\MATLAB\R2010a\bin\win32\mlautoregister.dll
0x75cf0000 - 0x75d0f000 	C:\Windows\system32\IMM32.DLL
0x755f0000 - 0x756bc000 	C:\Windows\system32\MSCTF.dll
0x73ec0000 - 0x73ece000 	C:\Windows\WinSxS\x86_microsoft.vc80.mfcloc_1fc8b3b9a1e18e3b_8.0.50727.6195_none_03ce2c72205943d3\MFC80ENU.DLL
0x75290000 - 0x7529b000 	C:\Windows\system32\profapi.dll
0x75210000 - 0x7521c000 	C:\Windows\system32\CRYPTBASE.dll
0x73ed0000 - 0x73f10000 	C:\Windows\system32\uxtheme.dll
0x74130000 - 0x742ce000 	C:\Windows\WinSxS\x86_microsoft.windows.common-controls_6595b64144ccf1df_6.0.7601.17514_none_41e6975e2bd6f2b2\comctl32.dll
0x75870000 - 0x75a0d000 	C:\Windows\system32\SETUPAPI.dll
0x75560000 - 0x75587000 	C:\Windows\system32\CFGMGR32.dll
0x754b0000 - 0x754c2000 	C:\Windows\system32\DEVOBJ.dll
0x773f0000 - 0x77473000 	C:\Windows\system32\CLBCatQ.DLL
0x73f40000 - 0x74035000 	C:\Windows\system32\propsys.dll
0x74740000 - 0x74761000 	C:\Windows\system32\ntmarta.dll
0x77390000 - 0x773d5000 	C:\Windows\system32\WLDAP32.dll
0x72ee0000 - 0x72ee3000 	C:\Windows\system32\icmp.Dll
0x73260000 - 0x7327c000 	C:\Windows\system32\iphlpapi.DLL
0x73220000 - 0x73227000 	C:\Windows\system32\WINNSI.DLL
0x751a0000 - 0x751bb000 	C:\Windows\system32\SspiCli.dll
0x73540000 - 0x73550000 	C:\Windows\system32\NLAapi.dll
0x012b0000 - 0x012c0000 	C:\Windows\system32\napinsp.dll
0x036d0000 - 0x036e2000 	C:\Windows\system32\pnrpnsp.dll
0x036f0000 - 0x03717000 	C:\Program Files\Common Files\Microsoft Shared\Windows Live\WLIDNSP.DLL
0x74cc0000 - 0x74cfc000 	C:\Windows\System32\mswsock.dll
0x74b80000 - 0x74bc4000 	C:\Windows\system32\DNSAPI.dll
0x03650000 - 0x03658000 	C:\Windows\System32\winrnr.dll
0x73150000 - 0x73188000 	C:\Windows\System32\fwpuclnt.dll
0x03690000 - 0x03696000 	C:\Windows\system32\rasadhlp.dll
0x74720000 - 0x74725000 	C:\Windows\System32\wshtcpip.dll
0x73130000 - 0x7313d000 	C:\Windows\system32\dhcpcsvc6.DLL
0x730b0000 - 0x730c2000 	C:\Windows\system32\dhcpcsvc.DLL
0x79ae0000 - 0x79d36000 	C:\Program Files\MATLAB\R2010a\sys\java\jre\win32\jre\bin\client\jvm.dll
0x73330000 - 0x73362000 	C:\Windows\system32\WINMM.dll
0x7bfc0000 - 0x7c016000 	C:\Program Files\MATLAB\R2010a\bin\win32\MSVCR71.dll
0x751c0000 - 0x7520c000 	C:\Windows\system32\apphelp.dll
0x73ab0000 - 0x73ac3000 	C:\Windows\system32\dwmapi.dll
0x061a0000 - 0x0628b000 	C:\Windows\system32\dbghelp.dll
0x79f70000 - 0x79f78000 	C:\Program Files\MATLAB\R2010a\sys\java\jre\win32\jre\bin\hpi.dll
0x79f90000 - 0x79f9c000 	C:\Program Files\MATLAB\R2010a\sys\java\jre\win32\jre\bin\verify.dll
0x78cb0000 - 0x78ccf000 	C:\Program Files\MATLAB\R2010a\sys\java\jre\win32\jre\bin\java.dll
0x79fa0000 - 0x79faf000 	C:\Program Files\MATLAB\R2010a\sys\java\jre\win32\jre\bin\zip.dll

VM Arguments:
jvm_args: -Xss512k -XX:PermSize=32m -Xms64m -XX:NewRatio=3 -XX:MaxPermSize=64m -Xmx128m -XX:MaxDirectMemorySize=1200000000 -Dsun.java2d.noddraw=true -Dsun.awt.nopixfmt=true -Xshare:off -Xrs -Djava.library.path=C:\Program Files\MATLAB\R2010a\bin\win32 vfprintf abort 
java_command: <unknown>
Launcher Type: generic

Environment Variables:
PATH=C:\Program Files\Common Files\Microsoft Shared\Windows Live;C:\Windows\system32;C:\Windows;C:\Windows\System32\Wbem;C:\Windows\System32\WindowsPowerShell\v1.0\;C:\Program Files\MATLAB\R2010a\runtime\win32;C:\Program Files\MATLAB\R2010a\bin;c:\Program Files\Microsoft SQL Server\90\Tools\binn\;C:\Program Files\Windows Live\Shared;C:\Program Files\Microsoft\Web Platform Installer\;C:\Program Files\Microsoft ASP.NET\ASP.NET Web Pages\v1.0\;C:\Program Files\Windows Kits\8.0\Windows Performance Toolkit\;C:\Program Files\Microsoft SQL Server\110\Tools\Binn\;C:\Program Files\Common Files\Ahead\Lib\
USERNAME=owner
OS=Windows_NT
PROCESSOR_IDENTIFIER=x86 Family 6 Model 30 Stepping 5, GenuineIntel



---------------  S Y S T E M  ---------------

OS: Windows NT 6.1 Build 7601 Service Pack 1

CPU:total 4 (8 cores per cpu, 2 threads per core) family 6 model 14 stepping 5, cmov, cx8, fxsr, mmx, sse, sse2, sse3, ssse3, ht

Memory: 4k page, physical 3397968k(1619580k free), swap 4194303k(4194303k free)

vm_info: Java HotSpot(TM) Client VM (11.2-b01) for windows-x86 JRE (1.6.0_12-b04), built on Jan 17 2009 09:57:14 by "java_re" with MS VC++ 7.1

time: Mon Jan 13 18:17:19 2014
elapsed time: 1793 seconds

