#
# An unexpected error has been detected by Java Runtime Environment:
#
#  Internal Error (0xe06d7363), pid=1804, tid=5744
#
# Java VM: Java HotSpot(TM) Client VM (11.2-b01 mixed mode windows-x86)
# Problematic frame:
# C  [KERNELBASE.dll+0x812f]
#
# If you would like to submit a bug report, please visit:
#   http://java.sun.com/webapps/bugreport/crash.jsp
# The crash happened outside the Java Virtual Machine in native code.
# See problematic frame for where to report the bug.
#

---------------  T H R E A D  ---------------

Current thread (0x08fae800):  JavaThread "main" [_thread_in_native, id=5744, stack(0x00430000,0x00c30000)]

siginfo: ExceptionCode=0xe06d7363, ExceptionInformation=0x19930520 0x00c2d9c0 0x7a126ec8 

Registers:
EAX=0x00c2d924, EBX=0x00010004, ECX=0x00000003, EDX=0x00000000
ESP=0x00c2d924, EBP=0x00c2d974, ESI=0x00c2d9f0, EDI=0x00c2f20c
EIP=0x75e0812f, EFLAGS=0x00000216

Top of Stack: (sp=0x00c2d924)
0x00c2d924:   e06d7363 00000001 00000000 75e0812f
0x00c2d934:   00000003 19930520 00c2d9c0 7a126ec8
0x00c2d944:   00c2d9a8 7b4d83a1 7b4db363 00001670
0x00c2d954:   00c2d9a8 0111b6a0 2aa21318 7fffffff
0x00c2d964:   00c2d98c 7b4db8bf 00c2d97c 00c2d994
0x00c2d974:   00c2d9ac 70708e89 e06d7363 00000001
0x00c2d984:   00000003 00c2d9a0 e06d7363 00000001
0x00c2d994:   00000000 00000000 00000003 19930520 

Instructions: (pc=0x75e0812f)
0x75e0811f:   e7 ff ff 83 c4 0c 8d 45 b0 50 ff 15 5c 11 e0 75
0x75e0812f:   c9 c2 10 00 89 45 c0 eb ed 3d 01 01 00 00 0f 85 


Stack: [0x00430000,0x00c30000],  sp=0x00c2d924,  free space=8182k
Native frames: (J=compiled Java code, j=interpreted, Vv=VM code, C=native code)
C  [KERNELBASE.dll+0x812f]
C  [MSVCR80.dll+0x28e89]
C  [mcr.dll+0xbc96]
C  [mcr.dll+0xbe3a]
C  [libut.dll+0x4a5f1]
C  [libut.dll+0x50dd5]
C  [libut.dll+0x50e34]
C  [libut.dll+0x50e70]
C  [libut.dll+0x50f61]
C  [libuij.dll+0x26032]
C  [jmi.dll+0x322aa]
j  com.mathworks.jmi.NativeMatlab.processPendingEvents()Z+8
j  com.mathworks.jmi.Matlab$ProcessPendingEvents.callBooleanMethod(Ljava/lang/Object;)Z+0
j  com.mathworks.util.FactoryUtils.processPendingEvents()Z+12
j  com.mathworks.mwswing.desk.Desktop.canClose()Z+38
j  com.mathworks.mde.desk.MLDesktop.canClose()Z+113
j  com.mathworks.mde.desk.MLDesktop$2.call()Ljava/lang/Boolean;+4
j  com.mathworks.mde.desk.MLDesktop$2.call()Ljava/lang/Object;+1
j  com.mathworks.jmi.Matlab.isOkToExit()Z+54
v  ~StubRoutines::call_stub

Java frames: (J=compiled Java code, j=interpreted, Vv=VM code)
j  com.mathworks.jmi.NativeMatlab.ProcessPendingEvents()Z+0
j  com.mathworks.jmi.NativeMatlab.processPendingEvents()Z+8
j  com.mathworks.jmi.Matlab$ProcessPendingEvents.callBooleanMethod(Ljava/lang/Object;)Z+0
j  com.mathworks.util.FactoryUtils.processPendingEvents()Z+12
j  com.mathworks.mwswing.desk.Desktop.canClose()Z+38
j  com.mathworks.mde.desk.MLDesktop.canClose()Z+113
j  com.mathworks.mde.desk.MLDesktop$2.call()Ljava/lang/Boolean;+4
j  com.mathworks.mde.desk.MLDesktop$2.call()Ljava/lang/Object;+1
j  com.mathworks.jmi.Matlab.isOkToExit()Z+54
v  ~StubRoutines::call_stub

---------------  P R O C E S S  ---------------

Java Threads: ( => current thread )
  0x1d5fb000 JavaThread "Thread-357" [_thread_blocked, id=5692, stack(0x1be50000,0x1bed0000)]
  0x1d5fac00 JavaThread "Thread-331" [_thread_blocked, id=5932, stack(0x1bdd0000,0x1be50000)]
  0x1d5fa400 JavaThread "Thread-311" [_thread_blocked, id=4172, stack(0x1bd50000,0x1bdd0000)]
  0x1a446c00 JavaThread "Thread-299" [_thread_blocked, id=5768, stack(0x1bcd0000,0x1bd50000)]
  0x1a446800 JavaThread "Thread-285" [_thread_blocked, id=6124, stack(0x092b0000,0x09330000)]
  0x1d45e000 JavaThread "Inactive RequestProcessor thread [Was:TimedSoftReference/org.openide.util.TimedSoftReference]" daemon [_thread_blocked, id=2052, stack(0x09180000,0x09200000)]
  0x1d45e800 JavaThread "Thread-267" [_thread_blocked, id=3464, stack(0x09230000,0x092b0000)]
  0x1a447800 JavaThread "Thread-219" [_thread_blocked, id=4324, stack(0x06460000,0x064e0000)]
  0x1a447000 JavaThread "Prefs Updater" daemon [_thread_blocked, id=4692, stack(0x06a40000,0x06ac0000)]
  0x1a446000 JavaThread "Timer-4" [_thread_blocked, id=2472, stack(0x064e0000,0x06560000)]
  0x1a445400 JavaThread "Foxtrot Multi Worker Thread Runner #1" daemon [_thread_blocked, id=5644, stack(0x25e20000,0x25ea0000)]
  0x1a445000 JavaThread "Thread-25" [_thread_in_native, id=5600, stack(0x1edb0000,0x1f5b0000)]
  0x1a444800 JavaThread "Thread-16" [_thread_blocked, id=3432, stack(0x1d0e0000,0x1d160000)]
  0x1a444400 JavaThread "Thread-15" [_thread_blocked, id=3132, stack(0x1d060000,0x1d0e0000)]
  0x1a443c00 JavaThread "Thread-14" [_thread_blocked, id=2220, stack(0x1cfe0000,0x1d060000)]
  0x1a443800 JavaThread "Thread-13" [_thread_blocked, id=2692, stack(0x1cf60000,0x1cfe0000)]
  0x1a443400 JavaThread "Thread-12" [_thread_blocked, id=4660, stack(0x1cee0000,0x1cf60000)]
  0x1a442c00 JavaThread "Thread-11" [_thread_blocked, id=5372, stack(0x1ce60000,0x1cee0000)]
  0x1a442800 JavaThread "Thread-10" [_thread_blocked, id=5388, stack(0x1cde0000,0x1ce60000)]
  0x1a442000 JavaThread "Thread-8" [_thread_blocked, id=1068, stack(0x1b340000,0x1b3c0000)]
  0x1a441400 JavaThread "Active Reference Queue Daemon" daemon [_thread_blocked, id=4348, stack(0x1b2a0000,0x1b320000)]
  0x1a440000 JavaThread "Timer-2" daemon [_thread_blocked, id=3024, stack(0x1b0a0000,0x1b120000)]
  0x1a441000 JavaThread "FelixPackageAdmin" daemon [_thread_blocked, id=5472, stack(0x1b220000,0x1b2a0000)]
  0x1a440800 JavaThread "FelixStartLevel" daemon [_thread_blocked, id=5052, stack(0x1b1a0000,0x1b220000)]
  0x1a440400 JavaThread "FelixDispatchQueue" daemon [_thread_blocked, id=3004, stack(0x1b120000,0x1b1a0000)]
  0x1a534000 JavaThread "Timer-1" daemon [_thread_blocked, id=3744, stack(0x1b020000,0x1b0a0000)]
  0x19a4fc00 JavaThread "TimerQueue" daemon [_thread_blocked, id=4424, stack(0x1af00000,0x1af80000)]
  0x19fae000 JavaThread "AWT-EventQueue-0" [_thread_blocked, id=2316, stack(0x1ae60000,0x1aee0000)]
  0x19a21400 JavaThread "AWT-Shutdown" [_thread_blocked, id=5844, stack(0x1ade0000,0x1ae60000)]
  0x1a0bb400 JavaThread "AWT-Windows" daemon [_thread_in_native, id=4964, stack(0x1a8f0000,0x1a970000)]
  0x1a0bd400 JavaThread "Java2D Disposer" daemon [_thread_blocked, id=1796, stack(0x1a7f0000,0x1a870000)]
  0x19905800 JavaThread "Timer-0" [_thread_blocked, id=3880, stack(0x19ab0000,0x19b30000)]
  0x198f6800 JavaThread "JMI Unnamed Thread" [_thread_in_native, id=5860, stack(0x04ee0000,0x056e0000)]
  0x0904f000 JavaThread "Low Memory Detector" daemon [_thread_blocked, id=2416, stack(0x19030000,0x190b0000)]
  0x0904e800 JavaThread "CompilerThread0" daemon [_thread_blocked, id=4772, stack(0x18830000,0x19030000)]
  0x0904e000 JavaThread "Attach Listener" daemon [_thread_blocked, id=5212, stack(0x187b0000,0x18830000)]
  0x09033800 JavaThread "Finalizer" daemon [_thread_blocked, id=3304, stack(0x09090000,0x09110000)]
  0x09032400 JavaThread "Reference Handler" daemon [_thread_blocked, id=3096, stack(0x08b80000,0x08c00000)]
=>0x08fae800 JavaThread "main" [_thread_in_native, id=5744, stack(0x00430000,0x00c30000)]

Other Threads:
  0x0902d000 VMThread [stack: 0x17fb0000,0x187b0000] [id=5496]
  0x0908b400 WatcherThread [stack: 0x190b0000,0x198b0000] [id=5352]

VM state:not at safepoint (normal execution)

VM Mutex/Monitor currently owned by a thread: None

Heap
 def new generation   total 23616K, used 13857K [0x0bfb0000, 0x0d950000, 0x0dfb0000)
  eden space 20992K,  60% used [0x0bfb0000, 0x0cc10b10, 0x0d430000)
  from space 2624K,  45% used [0x0d430000, 0x0d557908, 0x0d6c0000)
  to   space 2624K,   0% used [0x0d6c0000, 0x0d6c0000, 0x0d950000)
 tenured generation   total 78536K, used 71514K [0x0dfb0000, 0x12c62000, 0x13fb0000)
   the space 78536K,  91% used [0x0dfb0000, 0x12586a88, 0x12586c00, 0x12c62000)
 compacting perm gen  total 35328K, used 35255K [0x13fb0000, 0x16230000, 0x17fb0000)
   the space 35328K,  99% used [0x13fb0000, 0x1621dd48, 0x1621de00, 0x16230000)
No shared spaces configured.

Dynamic libraries:
0x00400000 - 0x00425000 	C:\Program Files\MATLAB\R2010a\bin\win32\MATLAB.exe
0x77b90000 - 0x77ccc000 	C:\Windows\SYSTEM32\ntdll.dll
0x77660000 - 0x77734000 	C:\Windows\system32\kernel32.dll
0x75e00000 - 0x75e4b000 	C:\Windows\system32\KERNELBASE.dll
0x7b940000 - 0x7b9ec000 	C:\Program Files\MATLAB\R2010a\bin\win32\libut.dll
0x77930000 - 0x7795a000 	C:\Windows\system32\imagehlp.dll
0x77d00000 - 0x77dac000 	C:\Windows\system32\msvcrt.dll
0x774f0000 - 0x77590000 	C:\Windows\system32\ADVAPI32.dll
0x77ce0000 - 0x77cf9000 	C:\Windows\SYSTEM32\sechost.dll
0x76690000 - 0x76732000 	C:\Windows\system32\RPCRT4.dll
0x76800000 - 0x76805000 	C:\Windows\system32\PSAPI.DLL
0x7bfa0000 - 0x7bfbf000 	C:\Program Files\MATLAB\R2010a\bin\win32\LIBEXPAT.dll
0x706e0000 - 0x7077b000 	C:\Windows\WinSxS\x86_microsoft.vc80.crt_1fc8b3b9a1e18e3b_8.0.50727.6195_none_d09154e044272b9a\MSVCR80.dll
0x7bd50000 - 0x7be38000 	C:\Program Files\MATLAB\R2010a\bin\win32\icuuc40.dll
0x7b4b0000 - 0x7b4b4000 	C:\Program Files\MATLAB\R2010a\bin\win32\icudt40.dll
0x7b4c0000 - 0x7b4cc000 	C:\Program Files\MATLAB\R2010a\bin\win32\icuio40.dll
0x7b670000 - 0x7b768000 	C:\Program Files\MATLAB\R2010a\bin\win32\icuin40.dll
0x70650000 - 0x706d7000 	C:\Windows\WinSxS\x86_microsoft.vc80.crt_1fc8b3b9a1e18e3b_8.0.50727.6195_none_d09154e044272b9a\MSVCP80.dll
0x765c0000 - 0x76689000 	C:\Windows\system32\USER32.dll
0x77740000 - 0x7778e000 	C:\Windows\system32\GDI32.dll
0x77cd0000 - 0x77cda000 	C:\Windows\system32\LPK.dll
0x76330000 - 0x763cd000 	C:\Windows\system32\USP10.dll
0x78770000 - 0x787ee000 	C:\Program Files\MATLAB\R2010a\bin\win32\libmwfl.dll
0x7d160000 - 0x7d16e000 	C:\Program Files\MATLAB\R2010a\bin\win32\boost_date_time-vc80-mt-1_36.dll
0x7d330000 - 0x7d346000 	C:\Program Files\MATLAB\R2010a\bin\win32\boost_filesystem-vc80-mt-1_36.dll
0x7c500000 - 0x7c507000 	C:\Program Files\MATLAB\R2010a\bin\win32\boost_system-vc80-mt-1_36.dll
0x7d050000 - 0x7d060000 	C:\Program Files\MATLAB\R2010a\bin\win32\boost_signals-vc80-mt-1_36.dll
0x7b4a0000 - 0x7b4ac000 	C:\Program Files\MATLAB\R2010a\bin\win32\boost_thread-vc80-mt-1_36.dll
0x7ba50000 - 0x7bc63000 	C:\Program Files\MATLAB\R2010a\bin\win32\libmwservices.dll
0x7b9f0000 - 0x7ba4d000 	C:\Program Files\MATLAB\R2010a\bin\win32\libmx.dll
0x78c90000 - 0x78ca3000 	C:\Program Files\MATLAB\R2010a\bin\win32\zlib1.dll
0x7bc70000 - 0x7bd47000 	C:\Program Files\MATLAB\R2010a\bin\win32\libmwmathutil.dll
0x79e30000 - 0x79e6a000 	C:\Program Files\MATLAB\R2010a\bin\win32\mpath.dll
0x7c0a0000 - 0x7c166000 	C:\Program Files\MATLAB\R2010a\bin\win32\mlutil.dll
0x7cfb0000 - 0x7d00e000 	C:\Program Files\MATLAB\R2010a\bin\win32\xmlcore.dll
0x79720000 - 0x798e2000 	C:\Program Files\MATLAB\R2010a\bin\win32\xerces-c_2_7.dll
0x76130000 - 0x76165000 	C:\Windows\system32\WS2_32.dll
0x77db0000 - 0x77db6000 	C:\Windows\system32\NSI.dll
0x768a0000 - 0x774ea000 	C:\Windows\system32\SHELL32.dll
0x76740000 - 0x76797000 	C:\Windows\system32\SHLWAPI.dll
0x78720000 - 0x7874e000 	C:\Program Files\MATLAB\R2010a\bin\win32\tbb.dll
0x722f0000 - 0x72374000 	C:\Windows\WinSxS\x86_microsoft.windows.common-controls_6595b64144ccf1df_5.82.7601.17514_none_ec83dffa859149af\COMCTL32.dll
0x77960000 - 0x779db000 	C:\Windows\system32\comdlg32.dll
0x73cb0000 - 0x73cc1000 	C:\Windows\system32\NETAPI32.dll
0x73ca0000 - 0x73ca9000 	C:\Windows\system32\netutils.dll
0x75890000 - 0x758a9000 	C:\Windows\system32\srvcli.dll
0x73c90000 - 0x73c9f000 	C:\Windows\system32\wkscli.dll
0x7a0e0000 - 0x7a144000 	C:\Program Files\MATLAB\R2010a\bin\win32\mcr.dll
0x7e890000 - 0x7e8a9000 	C:\Program Files\MATLAB\R2010a\bin\win32\libmwi18n.dll
0x7b4d0000 - 0x7b539000 	C:\Program Files\MATLAB\R2010a\bin\win32\iqm.dll
0x7a6c0000 - 0x7ab7b000 	C:\Program Files\MATLAB\R2010a\bin\win32\m_interpreter.dll
0x7b550000 - 0x7b561000 	C:\Program Files\MATLAB\R2010a\bin\win32\libmex.dll
0x79fb0000 - 0x7a017000 	C:\Program Files\MATLAB\R2010a\bin\win32\m_dispatcher.dll
0x7d280000 - 0x7d31d000 	C:\Program Files\MATLAB\R2010a\bin\win32\boost_regex-vc80-mt-1_36.dll
0x79ec0000 - 0x79f1b000 	C:\Program Files\MATLAB\R2010a\bin\win32\profiler.dll
0x7b5d0000 - 0x7b5f2000 	C:\Program Files\MATLAB\R2010a\bin\win32\libmwmathrng.dll
0x78c00000 - 0x78c12000 	C:\Program Files\MATLAB\R2010a\bin\win32\m_pcodeio.dll
0x79df0000 - 0x79e27000 	C:\Program Files\MATLAB\R2010a\bin\win32\m_ir.dll
0x7a1d0000 - 0x7a6bd000 	C:\Program Files\MATLAB\R2010a\bin\win32\m_parser.dll
0x7b540000 - 0x7b54e000 	C:\Program Files\MATLAB\R2010a\bin\win32\ir_xfmr.dll
0x787f0000 - 0x7894e000 	C:\Program Files\MATLAB\R2010a\bin\win32\mcos.dll
0x7b610000 - 0x7b61a000 	C:\Program Files\MATLAB\R2010a\bin\win32\mtok.dll
0x78be0000 - 0x78bfa000 	C:\Program Files\MATLAB\R2010a\bin\win32\m_pcodegen.dll
0x7e810000 - 0x7e844000 	C:\Program Files\MATLAB\R2010a\bin\win32\libmwspmatrix.dll
0x7e850000 - 0x7e871000 	C:\Program Files\MATLAB\R2010a\bin\win32\libmwbridge.dll
0x7b180000 - 0x7b209000 	C:\Program Files\MATLAB\R2010a\bin\win32\udd.dll
0x7be40000 - 0x7bf3f000 	C:\Program Files\MATLAB\R2010a\bin\win32\libmwgui.dll
0x78cf0000 - 0x7914f000 	C:\Program Files\MATLAB\R2010a\bin\win32\hg.dll
0x78b60000 - 0x78b92000 	C:\Program Files\MATLAB\R2010a\bin\win32\libmat.dll
0x7b770000 - 0x7b939000 	C:\Program Files\MATLAB\R2010a\bin\win32\libhdf5.dll
0x79d40000 - 0x79d96000 	C:\Program Files\MATLAB\R2010a\bin\win32\jmi.dll
0x79a40000 - 0x79a70000 	C:\Program Files\MATLAB\R2010a\bin\win32\libmwhardcopy.dll
0x79da0000 - 0x79de3000 	C:\Program Files\MATLAB\R2010a\bin\win32\libuij.dll
0x78630000 - 0x7871f000 	C:\Program Files\MATLAB\R2010a\bin\win32\hgdatatypes.dll
0x785c0000 - 0x78628000 	C:\Program Files\MATLAB\R2010a\bin\win32\hgutils.dll
0x78ba0000 - 0x78bd4000 	C:\Program Files\MATLAB\R2010a\bin\win32\libmwlapack.dll
0x7b580000 - 0x7b58e000 	C:\Program Files\MATLAB\R2010a\bin\win32\libmwbinder.dll
0x7b210000 - 0x7b492000 	C:\Program Files\MATLAB\R2010a\bin\win32\uiw.dll
0x7b660000 - 0x7b669000 	C:\Program Files\MATLAB\R2010a\bin\win32\uinone.dll
0x00d20000 - 0x00e2f000 	C:\Windows\WinSxS\x86_microsoft.vc80.mfc_1fc8b3b9a1e18e3b_8.0.50727.6195_none_cbf5e994470a1a8f\MFC80.DLL
0x75120000 - 0x75171000 	C:\Windows\system32\WINSPOOL.DRV
0x779e0000 - 0x77b3c000 	C:\Windows\system32\ole32.dll
0x763d0000 - 0x7645f000 	C:\Windows\system32\OLEAUT32.dll
0x7a150000 - 0x7a1cc000 	C:\Program Files\MATLAB\R2010a\bin\win32\udd_mi.dll
0x78c20000 - 0x78c37000 	C:\Program Files\MATLAB\R2010a\bin\win32\mwoles05.DLL
0x79e70000 - 0x79eb9000 	C:\Program Files\MATLAB\R2010a\bin\win32\comcli.dll
0x73680000 - 0x7369b000 	C:\Windows\WinSxS\x86_microsoft.vc80.atl_1fc8b3b9a1e18e3b_8.0.50727.6195_none_d1cb102c435421de\ATL80.DLL
0x7b600000 - 0x7b60b000 	C:\Program Files\MATLAB\R2010a\bin\win32\mlautoregister.dll
0x76460000 - 0x7647f000 	C:\Windows\system32\IMM32.DLL
0x77590000 - 0x7765c000 	C:\Windows\system32\MSCTF.dll
0x72220000 - 0x7222e000 	C:\Windows\WinSxS\x86_microsoft.vc80.mfcloc_1fc8b3b9a1e18e3b_8.0.50727.6195_none_03ce2c72205943d3\MFC80ENU.DLL
0x75bd0000 - 0x75bdb000 	C:\Windows\system32\profapi.dll
0x75b50000 - 0x75b5c000 	C:\Windows\system32\CRYPTBASE.dll
0x746c0000 - 0x74700000 	C:\Windows\system32\uxtheme.dll
0x74840000 - 0x749de000 	C:\Windows\WinSxS\x86_microsoft.windows.common-controls_6595b64144ccf1df_6.0.7601.17514_none_41e6975e2bd6f2b2\comctl32.dll
0x77790000 - 0x7792d000 	C:\Windows\system32\SETUPAPI.dll
0x75da0000 - 0x75dc7000 	C:\Windows\system32\CFGMGR32.dll
0x75d70000 - 0x75d82000 	C:\Windows\system32\DEVOBJ.dll
0x76810000 - 0x76893000 	C:\Windows\system32\CLBCatQ.DLL
0x74740000 - 0x74835000 	C:\Windows\system32\propsys.dll
0x75080000 - 0x750a1000 	C:\Windows\system32\ntmarta.dll
0x77b40000 - 0x77b85000 	C:\Windows\system32\WLDAP32.dll
0x74720000 - 0x74723000 	C:\Windows\system32\icmp.Dll
0x73f50000 - 0x73f6c000 	C:\Windows\system32\iphlpapi.DLL
0x73f30000 - 0x73f37000 	C:\Windows\system32\WINNSI.DLL
0x75ae0000 - 0x75afb000 	C:\Windows\system32\SspiCli.dll
0x743f0000 - 0x74400000 	C:\Windows\system32\NLAapi.dll
0x00ff0000 - 0x01000000 	C:\Windows\system32\napinsp.dll
0x033d0000 - 0x033e2000 	C:\Windows\system32\pnrpnsp.dll
0x03450000 - 0x03477000 	C:\Program Files\Common Files\Microsoft Shared\Windows Live\WLIDNSP.DLL
0x75630000 - 0x7566c000 	C:\Windows\System32\mswsock.dll
0x754b0000 - 0x754f4000 	C:\Windows\system32\DNSAPI.dll
0x01160000 - 0x01168000 	C:\Windows\System32\winrnr.dll
0x73e30000 - 0x73e68000 	C:\Windows\System32\fwpuclnt.dll
0x033f0000 - 0x033f6000 	C:\Windows\system32\rasadhlp.dll
0x75070000 - 0x75075000 	C:\Windows\System32\wshtcpip.dll
0x73e10000 - 0x73e1d000 	C:\Windows\system32\dhcpcsvc6.DLL
0x73d90000 - 0x73da2000 	C:\Windows\system32\dhcpcsvc.DLL
0x79ae0000 - 0x79d36000 	C:\Program Files\MATLAB\R2010a\sys\java\jre\win32\jre\bin\client\jvm.dll
0x73740000 - 0x73772000 	C:\Windows\system32\WINMM.dll
0x7bfc0000 - 0x7c016000 	C:\Program Files\MATLAB\R2010a\bin\win32\MSVCR71.dll
0x75b00000 - 0x75b4c000 	C:\Windows\system32\apphelp.dll
0x74ca0000 - 0x74cb3000 	C:\Windows\system32\dwmapi.dll
0x06190000 - 0x0627b000 	C:\Windows\system32\dbghelp.dll
0x79f70000 - 0x79f78000 	C:\Program Files\MATLAB\R2010a\sys\java\jre\win32\jre\bin\hpi.dll
0x79f90000 - 0x79f9c000 	C:\Program Files\MATLAB\R2010a\sys\java\jre\win32\jre\bin\verify.dll
0x78cb0000 - 0x78ccf000 	C:\Program Files\MATLAB\R2010a\sys\java\jre\win32\jre\bin\java.dll
0x79fa0000 - 0x79faf000 	C:\Program Files\MATLAB\R2010a\sys\java\jre\win32\jre\bin\zip.dll

VM Arguments:
jvm_args: -Xss512k -XX:PermSize=32m -Xms64m -XX:NewRatio=3 -XX:MaxPermSize=64m -Xmx128m -XX:MaxDirectMemorySize=1200000000 -Dsun.java2d.noddraw=true -Dsun.awt.nopixfmt=true -Xshare:off -Xrs -Djava.library.path=C:\Program Files\MATLAB\R2010a\bin\win32 vfprintf abort 
java_command: <unknown>
Launcher Type: generic

Environment Variables:
PATH=C:\Program Files\MATLAB\R2010a\sys\java\jre\win32\jre\bin;C:\Program Files\MATLAB\R2010a\sys\webrenderer\windows\corecomponents;C:\Program Files\MATLAB\R2010a\sys\webrenderer\windows;C:\Program Files\Common Files\Microsoft Shared\Windows Live;C:\Windows\system32;C:\Windows;C:\Windows\System32\Wbem;C:\Windows\System32\WindowsPowerShell\v1.0\;C:\Program Files\MATLAB\R2010a\runtime\win32;C:\Program Files\MATLAB\R2010a\bin;c:\Program Files\Microsoft SQL Server\90\Tools\binn\;C:\Program Files\Windows Live\Shared;C:\Program Files\Microsoft\Web Platform Installer\;C:\Program Files\Microsoft ASP.NET\ASP.NET Web Pages\v1.0\;C:\Program Files\Windows Kits\8.0\Windows Performance Toolkit\;C:\Program Files\Microsoft SQL Server\110\Tools\Binn\
USERNAME=owner
OS=Windows_NT
PROCESSOR_IDENTIFIER=x86 Family 6 Model 30 Stepping 5, GenuineIntel



---------------  S Y S T E M  ---------------

OS: Windows NT 6.1 Build 7601 Service Pack 1

CPU:total 4 (8 cores per cpu, 2 threads per core) family 6 model 14 stepping 5, cmov, cx8, fxsr, mmx, sse, sse2, sse3, ssse3, ht

Memory: 4k page, physical 3397968k(1719248k free), swap 4194303k(4194303k free)

vm_info: Java HotSpot(TM) Client VM (11.2-b01) for windows-x86 JRE (1.6.0_12-b04), built on Jan 17 2009 09:57:14 by "java_re" with MS VC++ 7.1

time: Thu Oct 03 18:15:22 2013
elapsed time: 1670 seconds

